<?xml version="1.0" encoding="UTF-8"?>
<testsuite name="GroceryListTest" tests="1" skipped="0" failures="0" errors="0" timestamp="2022-10-14T07:29:52" hostname="DESKTOP-MT04T5R" time="0.03">
  <properties/>
  <testcase name="shouldBeAbleToPlaceABulkSaleOnItemsInTheListByDepeartment()" classname="GroceryListTest" time="0.03"/>
  <system-out><![CDATA[]]></system-out>
  <system-err><![CDATA[]]></system-err>
</testsuite>
